<?xml version="1.0" encoding="UTF-8"?>
<testsuite xmlns:xsi="http://www.w3.org/2001/XMLSchema-instance" xsi:noNamespaceSchemaLocation="https://maven.apache.org/surefire/maven-surefire-plugin/xsd/surefire-test-report-3.0.xsd" version="3.0" name="com.servientrega.app.ServientregaApplicationTests" time="9.872" tests="1" errors="0" skipped="0" failures="0">
  <properties>
[...]
</properties>
  <testcase name="contextLoads" classname="com.servientrega.app.ServientregaApplicationTests" time="0.925">
    <system-out><![CDATA[13:43:08.298 [main] INFO org.springframework.test.context.support.AnnotationConfigContextLoaderUtils -- Could not detect default configuration classes for test class [com.servientrega.app.ServientregaApplicationTests]: ServientregaApplicationTests does not declare any static, non-private, non-final, nested classes annotated with @Configuration.
13:43:08.478 [main] INFO org.springframework.boot.test.context.SpringBootTestContextBootstrapper -- Found @SpringBootConfiguration com.servientrega.app.ServientregaApplication for test class com.servientrega.app.ServientregaApplicationTests
13:43:08.855 [main] INFO org.springframework.boot.devtools.restart.RestartApplicationListener -- Restart disabled due to context in which it is running
  .   ____          _            __ _ _
 /\\ / ___'_ __ _ _(_)_ __  __ _ \ \ \ \
( ( )\___ | '_ | '_| | '_ \/ _` | \ \ \ \
 \\/  ___)| |_)| | | | | || (_| |  ) ) ) )
  '  |____| .__|_| |_|_| |_\__, | / / / /
 =========|_|==============|___/=/_/_/_/

 :: Spring Boot ::                (v3.3.0)

2024-05-29T13:43:09.303-05:00  INFO 9088 --- [servientrega] [           main] c.s.app.ServientregaApplicationTests     : Starting ServientregaApplicationTests using Java 17.0.10 with PID 9088 (started by Jhon Hernandez in C:\springJhon\servientrega)
2024-05-29T13:43:09.307-05:00  INFO 9088 --- [servientrega] [           main] c.s.app.ServientregaApplicationTests     : No active profile set, falling back to 1 default profile: "default"
2024-05-29T13:43:10.804-05:00  INFO 9088 --- [servientrega] [           main] .s.d.r.c.RepositoryConfigurationDelegate : Bootstrapping Spring Data JPA repositories in DEFAULT mode.
2024-05-29T13:43:10.929-05:00  INFO 9088 --- [servientrega] [           main] .s.d.r.c.RepositoryConfigurationDelegate : Finished Spring Data repository scanning in 104 ms. Found 3 JPA repository interfaces.
2024-05-29T13:43:11.810-05:00  INFO 9088 --- [servientrega] [           main] o.hibernate.jpa.internal.util.LogHelper  : HHH000204: Processing PersistenceUnitInfo [name: default]
2024-05-29T13:43:11.972-05:00  INFO 9088 --- [servientrega] [           main] org.hibernate.Version                    : HHH000412: Hibernate ORM core version 6.5.2.Final
2024-05-29T13:43:12.060-05:00  INFO 9088 --- [servientrega] [           main] o.h.c.internal.RegionFactoryInitiator    : HHH000026: Second-level cache disabled
2024-05-29T13:43:12.862-05:00  INFO 9088 --- [servientrega] [           main] o.s.o.j.p.SpringPersistenceUnitInfo      : No LoadTimeWeaver setup: ignoring JPA class transformer
2024-05-29T13:43:12.920-05:00  INFO 9088 --- [servientrega] [           main] com.zaxxer.hikari.HikariDataSource       : HikariPool-1 - Starting...
2024-05-29T13:43:13.494-05:00  INFO 9088 --- [servientrega] [           main] com.zaxxer.hikari.pool.HikariPool        : HikariPool-1 - Added connection conn0: url=jdbc:h2:mem:bdajhon user=JHON
2024-05-29T13:43:13.497-05:00  INFO 9088 --- [servientrega] [           main] com.zaxxer.hikari.HikariDataSource       : HikariPool-1 - Start completed.
2024-05-29T13:43:13.560-05:00  WARN 9088 --- [servientrega] [           main] org.hibernate.orm.deprecation            : HHH90000025: H2Dialect does not need to be specified explicitly using 'hibernate.dialect' (remove the property setting and it will be selected by default)
2024-05-29T13:43:15.325-05:00  INFO 9088 --- [servientrega] [           main] o.h.e.t.j.p.i.JtaPlatformInitiator       : HHH000489: No JTA platform available (set 'hibernate.transaction.jta.platform' to enable JTA platform integration)
2024-05-29T13:43:15.414-05:00  INFO 9088 --- [servientrega] [           main] j.LocalContainerEntityManagerFactoryBean : Initialized JPA EntityManagerFactory for persistence unit 'default'
2024-05-29T13:43:16.107-05:00  WARN 9088 --- [servientrega] [           main] JpaBaseConfiguration$JpaWebConfiguration : spring.jpa.open-in-view is enabled by default. Therefore, database queries may be performed during view rendering. Explicitly configure spring.jpa.open-in-view to disable this warning
2024-05-29T13:43:16.145-05:00  INFO 9088 --- [servientrega] [           main] o.s.b.a.w.s.WelcomePageHandlerMapping    : Adding welcome page template: index
2024-05-29T13:43:16.752-05:00  INFO 9088 --- [servientrega] [           main] o.s.b.a.h2.H2ConsoleAutoConfiguration    : H2 console available at '/h2-console'. Database available at 'jdbc:h2:mem:bdajhon'
2024-05-29T13:43:16.882-05:00  INFO 9088 --- [servientrega] [           main] c.s.app.ServientregaApplicationTests     : Started ServientregaApplicationTests in 8.063 seconds (process running for 10.067)
]]></system-out>
  </testcase>
</testsuite>